logs/port_architecture_20260319_022832_5187_smoke_mlx_local_20260319_022832.txt
Code size: 49759 bytes
run_id:port_architecture_20260319_022832_5187_smoke_mlx_local_20260319_022832
mlx_version:0.31.1
train_loader:shards pattern=/Users/calmdentist/Desktop/parameter-golf/data/datasets/fineweb10B_sp1024/fineweb_train_*.bin
val_loader:shards pattern=/Users/calmdentist/Desktop/parameter-golf/data/datasets/fineweb10B_sp1024/fineweb_val_*.bin tokens:262144
WARNING: train_loader:subset dataset:fineweb10B_sp1024 train_shards:1/195 new epochs will arrive sooner than the full dataset
tokenizer_path:/Users/calmdentist/Desktop/parameter-golf/data/tokenizers/fineweb_1024_bpe.model
model_params:16098714 vocab_size:1024 layers:10 dim:576 heads:9 kv_heads:3 seq_len:1024 tie_embeddings:True
iterations:50 train_batch_tokens:8192 grad_accum_steps:8 microbatch_tokens:1024 microbatch_batch_size:1 val_batch_size:8192 warmup_steps:20 max_wallclock_seconds:0.000
mlx_max_microbatch_tokens:2048
optimizer:muon+adam muon_matrix_params:60 scalar_params:41 embed_lr:0.05 matrix_lr:0.04 scalar_lr:0.04 muon_momentum:0.95 muon_steps:5
val_bpb:enabled tokenizer_kind=sentencepiece tokenizer_path=/Users/calmdentist/Desktop/parameter-golf/data/tokenizers/fineweb_1024_bpe.model
compute_dtype:mlx.core.bfloat16 compile:True
dtypes tok_emb:mlx.core.bfloat16 linear_weight:mlx.core.float32 skip_weights:mlx.core.float32
warmup_step:1/20
warmup_step:2/20
warmup_step:3/20
warmup_step:4/20
warmup_step:5/20
warmup_step:6/20
warmup_step:7/20
warmup_step:8/20
warmup_step:9/20
warmup_step:10/20
warmup_step:11/20
warmup_step:12/20
warmup_step:13/20
warmup_step:14/20
warmup_step:15/20
warmup_step:16/20
warmup_step:17/20
warmup_step:18/20
warmup_step:19/20
warmup_step:20/20
step:1/50 train_loss:6.9497 train_time:152ms step_avg:152.37ms tok_s:53766
step:2/50 train_loss:6.7928 train_time:612ms step_avg:305.94ms tok_s:17860
step:3/50 train_loss:6.5734 train_time:1056ms step_avg:351.91ms tok_s:18463
step:4/50 train_loss:6.3813 train_time:1495ms step_avg:373.63ms tok_s:18676
step:5/50 train_loss:6.2149 train_time:1935ms step_avg:386.91ms tok_s:18622
step:6/50 train_loss:6.0665 train_time:2373ms step_avg:395.57ms tok_s:18672
step:7/50 train_loss:5.9145 train_time:2812ms step_avg:401.76ms tok_s:18670
step:8/50 train_loss:5.9072 train_time:3249ms step_avg:406.12ms tok_s:18769
step:9/50 train_loss:5.8810 train_time:3685ms step_avg:409.43ms tok_s:18802
step:10/50 train_loss:5.7728 train_time:4126ms step_avg:412.61ms tok_s:18572
step:20/50 train_loss:5.5806 train_time:8508ms step_avg:425.42ms tok_s:18783
step:30/50 train_loss:5.4759 train_time:12897ms step_avg:429.90ms tok_s:18673
step:40/50 train_loss:5.4960 train_time:17275ms step_avg:431.89ms tok_s:18719
step:50/50 train_loss:5.4503 train_time:21708ms step_avg:434.16ms tok_s:18636
step:50/50 val_loss:5.4222 val_bpb:3.2109 train_time:24569ms step_avg:491.39ms
saved_model:logs/port_architecture_20260319_022832_5187_smoke_mlx_local_20260319_022832_mlx_model.npz bytes:63238580
serialized_model_int8_zlib:4682903 bytes (payload:16232552 raw_pickle:16243004 payload_ratio:3.89x)
Serialized model: 63238580 bytes
Serialized model int8+zlib: 4682903 bytes
Total submission size int8+zlib: 4732662 bytes
final_int8_zlib_roundtrip val_loss:5.4721 val_bpb:3.2405 eval_time:2539ms
final_int8_zlib_roundtrip_exact val_loss:5.47212982 val_bpb:3.24045934
