logs/port_training_recipe_20260319_021236_6366_smoke_mlx_local_20260319_021236.txt
Code size: 51289 bytes
run_id:port_training_recipe_20260319_021236_6366_smoke_mlx_local_20260319_021236
mlx_version:0.31.1
train_loader:shards pattern=/Users/calmdentist/Desktop/parameter-golf/data/datasets/fineweb10B_sp1024/fineweb_train_*.bin
val_loader:shards pattern=/Users/calmdentist/Desktop/parameter-golf/data/datasets/fineweb10B_sp1024/fineweb_val_*.bin tokens:262144
WARNING: train_loader:subset dataset:fineweb10B_sp1024 train_shards:1/195 new epochs will arrive sooner than the full dataset
tokenizer_path:/Users/calmdentist/Desktop/parameter-golf/data/tokenizers/fineweb_1024_bpe.model
model_params:17059912 vocab_size:1024 layers:9 dim:512 heads:8 kv_heads:4 seq_len:1024 tie_embeddings:True
iterations:50 train_batch_tokens:8192 grad_accum_steps:8 microbatch_tokens:1024 microbatch_batch_size:1 val_batch_size:8192 warmup_steps:64 max_wallclock_seconds:0.000
mlx_max_microbatch_tokens:2048
optimizer:muon+adam muon_matrix_params:54 scalar_params:37 embed_lr:0.05 embed_lr_floor_ratio:0.05 matrix_lr:0.05 matrix_lr_floor_ratio:0.01 scalar_lr:0.04 scalar_lr_floor_ratio:0.25 muon_momentum:0.95 muon_steps:5
val_bpb:enabled tokenizer_kind=sentencepiece tokenizer_path=/Users/calmdentist/Desktop/parameter-golf/data/tokenizers/fineweb_1024_bpe.model
compute_dtype:mlx.core.bfloat16 compile:True
dtypes tok_emb:mlx.core.bfloat16 linear_weight:mlx.core.float32 skip_weights:mlx.core.float32
warmup_step:10/64
warmup_step:20/64
warmup_step:30/64
warmup_step:40/64
warmup_step:50/64
warmup_step:60/64
warmup_step:64/64
step:1/50 train_loss:6.9428 train_time:148ms step_avg:147.69ms tok_s:55469
step:2/50 train_loss:6.6873 train_time:555ms step_avg:277.28ms tok_s:20142
step:3/50 train_loss:6.3485 train_time:957ms step_avg:319.08ms tok_s:20354
step:4/50 train_loss:6.2109 train_time:1359ms step_avg:339.84ms tok_s:20380
step:5/50 train_loss:6.1175 train_time:1761ms step_avg:352.27ms tok_s:20386
step:6/50 train_loss:5.9639 train_time:2165ms step_avg:360.84ms tok_s:20302
step:7/50 train_loss:5.7963 train_time:2569ms step_avg:366.96ms tok_s:20302
step:8/50 train_loss:5.8082 train_time:2972ms step_avg:371.50ms tok_s:20319
step:9/50 train_loss:5.7576 train_time:3376ms step_avg:375.07ms tok_s:20307
step:10/50 train_loss:5.6703 train_time:3783ms step_avg:378.25ms tok_s:20137
step:20/50 train_loss:5.5852 train_time:7820ms step_avg:390.98ms tok_s:20293
step:30/50 train_loss:5.4554 train_time:11855ms step_avg:395.16ms tok_s:20295
step:40/50 train_loss:5.4059 train_time:15891ms step_avg:397.27ms tok_s:20273
step:50/50 train_loss:5.2867 train_time:19927ms step_avg:398.55ms tok_s:20317
step:50/50 val_loss:5.2382 val_bpb:3.1020 train_time:22690ms step_avg:453.80ms
saved_model:logs/port_training_recipe_20260319_021236_6366_smoke_mlx_local_20260319_021236_mlx_model.npz bytes:67212188
serialized_model_int8_zlib:5269520 bytes (payload:17178912 raw_pickle:17188361 payload_ratio:3.91x)
Serialized model: 67212188 bytes
Serialized model int8+zlib: 5269520 bytes
Total submission size int8+zlib: 5320809 bytes
final_int8_zlib_roundtrip val_loss:5.3874 val_bpb:3.1903 eval_time:2474ms
final_int8_zlib_roundtrip_exact val_loss:5.38736248 val_bpb:3.19026223
