logs/cod_compression_20260319_015414_7465_smoke_mlx_local_20260319_015848.txt
Code size: 50345 bytes
run_id:cod_compression_20260319_015414_7465_smoke_mlx_local_20260319_015848
mlx_version:0.31.1
train_loader:shards pattern=/Users/calmdentist/Desktop/parameter-golf/data/datasets/fineweb10B_sp1024/fineweb_train_*.bin
val_loader:shards pattern=/Users/calmdentist/Desktop/parameter-golf/data/datasets/fineweb10B_sp1024/fineweb_val_*.bin tokens:262144
WARNING: train_loader:subset dataset:fineweb10B_sp1024 train_shards:1/195 new epochs will arrive sooner than the full dataset
tokenizer_path:/Users/calmdentist/Desktop/parameter-golf/data/tokenizers/fineweb_1024_bpe.model
model_params:17059912 vocab_size:1024 layers:9 dim:512 heads:8 kv_heads:4 seq_len:1024 tie_embeddings:True
iterations:50 train_batch_tokens:8192 grad_accum_steps:8 microbatch_tokens:1024 microbatch_batch_size:1 val_batch_size:8192 warmup_steps:20 max_wallclock_seconds:0.000
mlx_max_microbatch_tokens:2048
optimizer:muon+adam muon_matrix_params:54 scalar_params:37 embed_lr:0.05 matrix_lr:0.04 matrix_lr_floor_ratio:0.01 scalar_lr:0.04 muon_momentum:0.95 muon_steps:5
val_bpb:enabled tokenizer_kind=sentencepiece tokenizer_path=/Users/calmdentist/Desktop/parameter-golf/data/tokenizers/fineweb_1024_bpe.model
compute_dtype:mlx.core.bfloat16 compile:True
dtypes tok_emb:mlx.core.bfloat16 linear_weight:mlx.core.float32 skip_weights:mlx.core.float32
warmup_step:1/20
warmup_step:2/20
warmup_step:3/20
warmup_step:4/20
warmup_step:5/20
warmup_step:6/20
warmup_step:7/20
warmup_step:8/20
warmup_step:9/20
warmup_step:10/20
warmup_step:11/20
warmup_step:12/20
warmup_step:13/20
warmup_step:14/20
warmup_step:15/20
warmup_step:16/20
warmup_step:17/20
warmup_step:18/20
warmup_step:19/20
warmup_step:20/20
step:1/50 train_loss:6.9428 train_time:136ms step_avg:136.09ms tok_s:60205
step:2/50 train_loss:6.8015 train_time:571ms step_avg:285.44ms tok_s:18849
step:3/50 train_loss:6.6005 train_time:972ms step_avg:324.05ms tok_s:20422
step:4/50 train_loss:6.4162 train_time:1375ms step_avg:343.65ms tok_s:20365
step:5/50 train_loss:6.2541 train_time:1776ms step_avg:355.29ms tok_s:20394
step:6/50 train_loss:6.0981 train_time:2180ms step_avg:363.32ms tok_s:20311
step:7/50 train_loss:5.9497 train_time:2582ms step_avg:368.89ms tok_s:20373
step:8/50 train_loss:5.9214 train_time:2985ms step_avg:373.15ms tok_s:20337
step:9/50 train_loss:5.8894 train_time:3390ms step_avg:376.71ms tok_s:20225
step:10/50 train_loss:5.7890 train_time:3803ms step_avg:380.27ms tok_s:19877
step:20/50 train_loss:5.5808 train_time:7870ms step_avg:393.49ms tok_s:20319
step:30/50 train_loss:5.4706 train_time:11914ms step_avg:397.12ms tok_s:20236
step:40/50 train_loss:5.4914 train_time:15946ms step_avg:398.65ms tok_s:20216
step:50/50 train_loss:5.4395 train_time:20011ms step_avg:400.22ms tok_s:20265
step:50/50 val_loss:5.4101 val_bpb:3.2037 train_time:22791ms step_avg:455.82ms
saved_model:logs/cod_compression_20260319_015414_7465_smoke_mlx_local_20260319_015848_mlx_model.npz bytes:67212188
serialized_model_int8_zlib:5126188 bytes (payload:17178912 raw_pickle:17188361 payload_ratio:3.91x)
Serialized model: 67212188 bytes
Serialized model int8+zlib: 5126188 bytes
Total submission size int8+zlib: 5176533 bytes
final_int8_zlib_roundtrip val_loss:5.4833 val_bpb:3.2471 eval_time:2512ms
final_int8_zlib_roundtrip_exact val_loss:5.48332787 val_bpb:3.24709054
