logs/port_architecture_20260319_023023_5357_smoke_mlx_local_20260319_023023.txt
Code size: 49759 bytes
run_id:port_architecture_20260319_023023_5357_smoke_mlx_local_20260319_023023
mlx_version:0.31.1
train_loader:shards pattern=/Users/calmdentist/Desktop/parameter-golf/data/datasets/fineweb10B_sp1024/fineweb_train_*.bin
val_loader:shards pattern=/Users/calmdentist/Desktop/parameter-golf/data/datasets/fineweb10B_sp1024/fineweb_val_*.bin tokens:262144
WARNING: train_loader:subset dataset:fineweb10B_sp1024 train_shards:1/195 new epochs will arrive sooner than the full dataset
tokenizer_path:/Users/calmdentist/Desktop/parameter-golf/data/tokenizers/fineweb_1024_bpe.model
model_params:9895158 vocab_size:1024 layers:6 dim:576 heads:9 kv_heads:3 seq_len:1024 tie_embeddings:True
iterations:50 train_batch_tokens:8192 grad_accum_steps:8 microbatch_tokens:1024 microbatch_batch_size:1 val_batch_size:8192 warmup_steps:20 max_wallclock_seconds:0.000
mlx_max_microbatch_tokens:2048
optimizer:muon+adam muon_matrix_params:36 scalar_params:25 embed_lr:0.05 matrix_lr:0.04 scalar_lr:0.04 muon_momentum:0.95 muon_steps:5
val_bpb:enabled tokenizer_kind=sentencepiece tokenizer_path=/Users/calmdentist/Desktop/parameter-golf/data/tokenizers/fineweb_1024_bpe.model
compute_dtype:mlx.core.bfloat16 compile:True
dtypes tok_emb:mlx.core.bfloat16 linear_weight:mlx.core.float32 skip_weights:mlx.core.float32
warmup_step:1/20
warmup_step:2/20
warmup_step:3/20
warmup_step:4/20
warmup_step:5/20
warmup_step:6/20
warmup_step:7/20
warmup_step:8/20
warmup_step:9/20
warmup_step:10/20
warmup_step:11/20
warmup_step:12/20
warmup_step:13/20
warmup_step:14/20
warmup_step:15/20
warmup_step:16/20
warmup_step:17/20
warmup_step:18/20
warmup_step:19/20
warmup_step:20/20
step:1/50 train_loss:6.9537 train_time:96ms step_avg:96.13ms tok_s:85222
step:2/50 train_loss:6.7944 train_time:364ms step_avg:181.79ms tok_s:30646
step:3/50 train_loss:6.5804 train_time:626ms step_avg:208.73ms tok_s:31212
step:4/50 train_loss:6.3860 train_time:888ms step_avg:222.02ms tok_s:31297
step:5/50 train_loss:6.2249 train_time:1150ms step_avg:230.04ms tok_s:31272
step:6/50 train_loss:6.0725 train_time:1413ms step_avg:235.43ms tok_s:31234
step:7/50 train_loss:5.9267 train_time:1675ms step_avg:239.32ms tok_s:31212
step:8/50 train_loss:5.9090 train_time:1938ms step_avg:242.25ms tok_s:31193
step:9/50 train_loss:5.8830 train_time:2200ms step_avg:244.44ms tok_s:31290
step:10/50 train_loss:5.7823 train_time:2462ms step_avg:246.22ms tok_s:31261
step:20/50 train_loss:5.5849 train_time:5082ms step_avg:254.12ms tok_s:31118
step:30/50 train_loss:5.4814 train_time:7702ms step_avg:256.74ms tok_s:31279
step:40/50 train_loss:5.5011 train_time:10325ms step_avg:258.13ms tok_s:31217
step:50/50 train_loss:5.4572 train_time:12951ms step_avg:259.02ms tok_s:31317
step:50/50 val_loss:5.4297 val_bpb:3.2153 train_time:14657ms step_avg:293.15ms
saved_model:logs/port_architecture_20260319_023023_5357_smoke_mlx_local_20260319_023023_mlx_model.npz bytes:38415188
serialized_model_int8_zlib:2902655 bytes (payload:9976280 raw_pickle:9982555 payload_ratio:3.85x)
Serialized model: 38415188 bytes
Serialized model int8+zlib: 2902655 bytes
Total submission size int8+zlib: 2952414 bytes
final_int8_zlib_roundtrip val_loss:5.4717 val_bpb:3.2402 eval_time:1536ms
final_int8_zlib_roundtrip_exact val_loss:5.47170305 val_bpb:3.24020662
