logs/port_training_recipe_20260319_022130_6512_smoke_mlx_local_20260319_022130.txt
Code size: 51289 bytes
run_id:port_training_recipe_20260319_022130_6512_smoke_mlx_local_20260319_022130
mlx_version:0.31.1
train_loader:shards pattern=/Users/calmdentist/Desktop/parameter-golf/data/datasets/fineweb10B_sp1024/fineweb_train_*.bin
val_loader:shards pattern=/Users/calmdentist/Desktop/parameter-golf/data/datasets/fineweb10B_sp1024/fineweb_val_*.bin tokens:262144
WARNING: train_loader:subset dataset:fineweb10B_sp1024 train_shards:1/195 new epochs will arrive sooner than the full dataset
tokenizer_path:/Users/calmdentist/Desktop/parameter-golf/data/tokenizers/fineweb_1024_bpe.model
model_params:17059912 vocab_size:1024 layers:9 dim:512 heads:8 kv_heads:4 seq_len:1024 tie_embeddings:True
iterations:50 train_batch_tokens:8192 grad_accum_steps:8 microbatch_tokens:1024 microbatch_batch_size:1 val_batch_size:8192 warmup_steps:128 max_wallclock_seconds:0.000
mlx_max_microbatch_tokens:2048
optimizer:muon+adam muon_matrix_params:54 scalar_params:37 embed_lr:0.05 embed_lr_floor_ratio:0.05 matrix_lr:0.05 matrix_lr_floor_ratio:0.01 scalar_lr:0.06 scalar_lr_floor_ratio:0.25 muon_momentum:0.95 muon_steps:5
val_bpb:enabled tokenizer_kind=sentencepiece tokenizer_path=/Users/calmdentist/Desktop/parameter-golf/data/tokenizers/fineweb_1024_bpe.model
compute_dtype:mlx.core.bfloat16 compile:True
dtypes tok_emb:mlx.core.bfloat16 linear_weight:mlx.core.float32 skip_weights:mlx.core.float32
warmup_step:10/128
warmup_step:20/128
warmup_step:30/128
warmup_step:40/128
warmup_step:50/128
warmup_step:60/128
warmup_step:70/128
warmup_step:80/128
warmup_step:90/128
warmup_step:100/128
warmup_step:110/128
warmup_step:120/128
warmup_step:128/128
step:1/50 train_loss:6.9428 train_time:135ms step_avg:135.15ms tok_s:60623
step:2/50 train_loss:6.6960 train_time:545ms step_avg:272.27ms tok_s:20018
step:3/50 train_loss:6.3860 train_time:946ms step_avg:315.38ms tok_s:20406
step:4/50 train_loss:6.2585 train_time:1350ms step_avg:337.51ms tok_s:20291
step:5/50 train_loss:6.1156 train_time:1756ms step_avg:351.23ms tok_s:20179
step:6/50 train_loss:5.9295 train_time:2160ms step_avg:360.00ms tok_s:20296
step:7/50 train_loss:5.7573 train_time:2564ms step_avg:366.30ms tok_s:20278
step:8/50 train_loss:5.7784 train_time:2967ms step_avg:370.83ms tok_s:20358
step:9/50 train_loss:5.7362 train_time:3374ms step_avg:374.84ms tok_s:20143
step:10/50 train_loss:5.6756 train_time:3779ms step_avg:377.88ms tok_s:20216
step:20/50 train_loss:5.5847 train_time:7848ms step_avg:392.41ms tok_s:20291
step:30/50 train_loss:5.4246 train_time:11902ms step_avg:396.72ms tok_s:20321
step:40/50 train_loss:5.2933 train_time:15939ms step_avg:398.49ms tok_s:20359
step:50/50 train_loss:4.9753 train_time:19970ms step_avg:399.39ms tok_s:20332
step:50/50 val_loss:4.9175 val_bpb:2.9120 train_time:22731ms step_avg:454.62ms
saved_model:logs/port_training_recipe_20260319_022130_6512_smoke_mlx_local_20260319_022130_mlx_model.npz bytes:67212188
serialized_model_int8_zlib:5540111 bytes (payload:17178912 raw_pickle:17188361 payload_ratio:3.91x)
Serialized model: 67212188 bytes
Serialized model int8+zlib: 5540111 bytes
Total submission size int8+zlib: 5591400 bytes
final_int8_zlib_roundtrip val_loss:4.9711 val_bpb:2.9437 eval_time:2474ms
final_int8_zlib_roundtrip_exact val_loss:4.97106314 val_bpb:2.94374010
