logs/port_compression_20260319_021203_6110_smoke_mlx_local_20260319_021203.txt
Code size: 49759 bytes
run_id:port_compression_20260319_021203_6110_smoke_mlx_local_20260319_021203
mlx_version:0.31.1
train_loader:shards pattern=/Users/calmdentist/Desktop/parameter-golf/data/datasets/fineweb10B_sp1024/fineweb_train_*.bin
val_loader:shards pattern=/Users/calmdentist/Desktop/parameter-golf/data/datasets/fineweb10B_sp1024/fineweb_val_*.bin tokens:262144
WARNING: train_loader:subset dataset:fineweb10B_sp1024 train_shards:1/195 new epochs will arrive sooner than the full dataset
tokenizer_path:/Users/calmdentist/Desktop/parameter-golf/data/tokenizers/fineweb_1024_bpe.model
model_params:17059912 vocab_size:1024 layers:9 dim:512 heads:8 kv_heads:4 seq_len:1024 tie_embeddings:True
iterations:50 train_batch_tokens:8192 grad_accum_steps:8 microbatch_tokens:1024 microbatch_batch_size:1 val_batch_size:8192 warmup_steps:20 max_wallclock_seconds:0.000
mlx_max_microbatch_tokens:2048
optimizer:muon+adam muon_matrix_params:54 scalar_params:37 embed_lr:0.05 matrix_lr:0.04 scalar_lr:0.04 muon_momentum:0.95 muon_steps:5
val_bpb:enabled tokenizer_kind=sentencepiece tokenizer_path=/Users/calmdentist/Desktop/parameter-golf/data/tokenizers/fineweb_1024_bpe.model
compute_dtype:mlx.core.bfloat16 compile:True
dtypes tok_emb:mlx.core.bfloat16 linear_weight:mlx.core.float32 skip_weights:mlx.core.float32
warmup_step:1/20
warmup_step:2/20
warmup_step:3/20
warmup_step:4/20
warmup_step:5/20
warmup_step:6/20
warmup_step:7/20
warmup_step:8/20
warmup_step:9/20
warmup_step:10/20
warmup_step:11/20
warmup_step:12/20
warmup_step:13/20
warmup_step:14/20
warmup_step:15/20
warmup_step:16/20
warmup_step:17/20
warmup_step:18/20
warmup_step:19/20
warmup_step:20/20
step:1/50 train_loss:6.9426 train_time:137ms step_avg:136.55ms tok_s:59996
step:2/50 train_loss:6.8016 train_time:543ms step_avg:271.74ms tok_s:20139
step:3/50 train_loss:6.6012 train_time:946ms step_avg:315.26ms tok_s:20370
step:4/50 train_loss:6.4174 train_time:1349ms step_avg:337.29ms tok_s:20315
step:5/50 train_loss:6.2568 train_time:1753ms step_avg:350.60ms tok_s:20292
step:6/50 train_loss:6.1011 train_time:2156ms step_avg:359.39ms tok_s:20319
step:7/50 train_loss:5.9533 train_time:2560ms step_avg:365.77ms tok_s:20279
step:8/50 train_loss:5.9249 train_time:2964ms step_avg:370.47ms tok_s:20317
step:9/50 train_loss:5.8915 train_time:3367ms step_avg:374.06ms tok_s:20346
step:10/50 train_loss:5.7906 train_time:3771ms step_avg:377.05ms tok_s:20284
step:20/50 train_loss:5.5790 train_time:7801ms step_avg:390.05ms tok_s:20337
step:30/50 train_loss:5.4711 train_time:11832ms step_avg:394.38ms tok_s:20323
step:40/50 train_loss:5.4962 train_time:15869ms step_avg:396.73ms tok_s:20287
step:50/50 train_loss:5.4469 train_time:19902ms step_avg:398.05ms tok_s:20319
step:50/50 val_loss:5.4179 val_bpb:3.2083 train_time:22671ms step_avg:453.42ms
saved_model:logs/port_compression_20260319_021203_6110_smoke_mlx_local_20260319_021203_mlx_model.npz bytes:67212188
serialized_model_int8_zlib:5112123 bytes (payload:17178912 raw_pickle:17188361 payload_ratio:3.91x)
Serialized model: 67212188 bytes
Serialized model int8+zlib: 5112123 bytes
Total submission size int8+zlib: 5161882 bytes
final_int8_zlib_roundtrip val_loss:5.4670 val_bpb:3.2374 eval_time:2472ms
final_int8_zlib_roundtrip_exact val_loss:5.46700859 val_bpb:3.23742667
