logs/port_training_recipe_20260319_015326_6382_smoke_mlx_local_20260319_015326.txt
Code size: 51289 bytes
run_id:port_training_recipe_20260319_015326_6382_smoke_mlx_local_20260319_015326
mlx_version:0.31.1
train_loader:shards pattern=/Users/calmdentist/Desktop/parameter-golf/data/datasets/fineweb10B_sp1024/fineweb_train_*.bin
val_loader:shards pattern=/Users/calmdentist/Desktop/parameter-golf/data/datasets/fineweb10B_sp1024/fineweb_val_*.bin tokens:262144
WARNING: train_loader:subset dataset:fineweb10B_sp1024 train_shards:1/195 new epochs will arrive sooner than the full dataset
tokenizer_path:/Users/calmdentist/Desktop/parameter-golf/data/tokenizers/fineweb_1024_bpe.model
model_params:17059912 vocab_size:1024 layers:9 dim:512 heads:8 kv_heads:4 seq_len:1024 tie_embeddings:True
iterations:50 train_batch_tokens:8192 grad_accum_steps:8 microbatch_tokens:1024 microbatch_batch_size:1 val_batch_size:8192 warmup_steps:64 max_wallclock_seconds:0.000
mlx_max_microbatch_tokens:2048
optimizer:muon+adam muon_matrix_params:54 scalar_params:37 embed_lr:0.05 embed_lr_floor_ratio:0.05 matrix_lr:0.05 matrix_lr_floor_ratio:0.01 scalar_lr:0.04 scalar_lr_floor_ratio:0.25 muon_momentum:0.95 muon_steps:5
val_bpb:enabled tokenizer_kind=sentencepiece tokenizer_path=/Users/calmdentist/Desktop/parameter-golf/data/tokenizers/fineweb_1024_bpe.model
compute_dtype:mlx.core.bfloat16 compile:True
dtypes tok_emb:mlx.core.bfloat16 linear_weight:mlx.core.float32 skip_weights:mlx.core.float32
warmup_step:10/64
warmup_step:20/64
warmup_step:30/64
warmup_step:40/64
warmup_step:50/64
warmup_step:60/64
warmup_step:64/64
step:1/50 train_loss:6.9428 train_time:149ms step_avg:148.75ms tok_s:55081
step:2/50 train_loss:6.6987 train_time:580ms step_avg:290.00ms tok_s:19015
step:3/50 train_loss:6.4090 train_time:981ms step_avg:326.84ms tok_s:20462
step:4/50 train_loss:6.3109 train_time:1380ms step_avg:344.96ms tok_s:20524
step:5/50 train_loss:6.1776 train_time:1781ms step_avg:356.18ms tok_s:20434
step:6/50 train_loss:5.9809 train_time:2183ms step_avg:363.89ms tok_s:20362
step:7/50 train_loss:5.7866 train_time:2587ms step_avg:369.58ms tok_s:20298
step:8/50 train_loss:5.7979 train_time:2990ms step_avg:373.74ms tok_s:20343
step:9/50 train_loss:5.7401 train_time:3392ms step_avg:376.91ms tok_s:20371
step:10/50 train_loss:5.6802 train_time:3797ms step_avg:379.67ms tok_s:20258
step:20/50 train_loss:5.6011 train_time:7866ms step_avg:393.32ms tok_s:20181
step:30/50 train_loss:5.4429 train_time:11899ms step_avg:396.64ms tok_s:20343
step:40/50 train_loss:5.3412 train_time:15935ms step_avg:398.37ms tok_s:20371
step:50/50 train_loss:5.0863 train_time:19965ms step_avg:399.31ms tok_s:20308
step:50/50 val_loss:5.0303 val_bpb:2.9788 train_time:22761ms step_avg:455.23ms
saved_model:logs/port_training_recipe_20260319_015326_6382_smoke_mlx_local_20260319_015326_mlx_model.npz bytes:67212188
serialized_model_int8_zlib:5534089 bytes (payload:17178912 raw_pickle:17188361 payload_ratio:3.91x)
Serialized model: 67212188 bytes
Serialized model int8+zlib: 5534089 bytes
Total submission size int8+zlib: 5585378 bytes
final_int8_zlib_roundtrip val_loss:5.1034 val_bpb:3.0221 eval_time:2491ms
final_int8_zlib_roundtrip_exact val_loss:5.10344267 val_bpb:3.02213197
