logs/port_training_recipe_20260319_020759_8784_smoke_mlx_local_20260319_020800.txt
Code size: 51289 bytes
run_id:port_training_recipe_20260319_020759_8784_smoke_mlx_local_20260319_020800
mlx_version:0.31.1
train_loader:shards pattern=/Users/calmdentist/Desktop/parameter-golf/data/datasets/fineweb10B_sp1024/fineweb_train_*.bin
val_loader:shards pattern=/Users/calmdentist/Desktop/parameter-golf/data/datasets/fineweb10B_sp1024/fineweb_val_*.bin tokens:262144
WARNING: train_loader:subset dataset:fineweb10B_sp1024 train_shards:1/195 new epochs will arrive sooner than the full dataset
tokenizer_path:/Users/calmdentist/Desktop/parameter-golf/data/tokenizers/fineweb_1024_bpe.model
model_params:17059912 vocab_size:1024 layers:9 dim:512 heads:8 kv_heads:4 seq_len:1024 tie_embeddings:True
iterations:50 train_batch_tokens:8192 grad_accum_steps:8 microbatch_tokens:1024 microbatch_batch_size:1 val_batch_size:8192 warmup_steps:64 max_wallclock_seconds:0.000
mlx_max_microbatch_tokens:2048
optimizer:muon+adam muon_matrix_params:54 scalar_params:37 embed_lr:0.05 embed_lr_floor_ratio:0.05 matrix_lr:0.04 matrix_lr_floor_ratio:0.01 scalar_lr:0.02 scalar_lr_floor_ratio:0.25 muon_momentum:0.95 muon_steps:5
val_bpb:enabled tokenizer_kind=sentencepiece tokenizer_path=/Users/calmdentist/Desktop/parameter-golf/data/tokenizers/fineweb_1024_bpe.model
compute_dtype:mlx.core.bfloat16 compile:True
dtypes tok_emb:mlx.core.bfloat16 linear_weight:mlx.core.float32 skip_weights:mlx.core.float32
warmup_step:10/64
warmup_step:20/64
warmup_step:30/64
warmup_step:40/64
warmup_step:50/64
warmup_step:60/64
warmup_step:64/64
step:1/50 train_loss:6.9428 train_time:135ms step_avg:135.17ms tok_s:60611
step:2/50 train_loss:6.6897 train_time:543ms step_avg:271.40ms tok_s:20105
step:3/50 train_loss:6.3568 train_time:945ms step_avg:314.95ms tok_s:20385
step:4/50 train_loss:6.2307 train_time:1350ms step_avg:337.61ms tok_s:20343
step:5/50 train_loss:6.1507 train_time:1753ms step_avg:350.64ms tok_s:20347
step:6/50 train_loss:6.0128 train_time:2156ms step_avg:359.34ms tok_s:20346
step:7/50 train_loss:5.8505 train_time:2560ms step_avg:365.71ms tok_s:20287
step:8/50 train_loss:5.8641 train_time:2963ms step_avg:370.40ms tok_s:20326
step:9/50 train_loss:5.8012 train_time:3366ms step_avg:374.04ms tok_s:20326
step:10/50 train_loss:5.6972 train_time:3769ms step_avg:376.90ms tok_s:20353
step:20/50 train_loss:5.6104 train_time:7805ms step_avg:390.23ms tok_s:20365
step:30/50 train_loss:5.4850 train_time:11837ms step_avg:394.57ms tok_s:20384
step:40/50 train_loss:5.4601 train_time:15866ms step_avg:396.66ms tok_s:20349
step:50/50 train_loss:5.3954 train_time:19897ms step_avg:397.95ms tok_s:20334
step:50/50 val_loss:5.3638 val_bpb:3.1763 train_time:22663ms step_avg:453.26ms
saved_model:logs/port_training_recipe_20260319_020759_8784_smoke_mlx_local_20260319_020800_mlx_model.npz bytes:67212188
serialized_model_int8_zlib:5196206 bytes (payload:17178912 raw_pickle:17188361 payload_ratio:3.91x)
Serialized model: 67212188 bytes
Serialized model int8+zlib: 5196206 bytes
Total submission size int8+zlib: 5247495 bytes
final_int8_zlib_roundtrip val_loss:5.4543 val_bpb:3.2299 eval_time:2471ms
final_int8_zlib_roundtrip_exact val_loss:5.45426941 val_bpb:3.22988285
