logs/rep_cod_training_recipe_20260318_235033_8561_20260319_020920_8546_smoke_mlx_local_20260319_020920.txt
Code size: 51289 bytes
run_id:rep_cod_training_recipe_20260318_235033_8561_20260319_020920_8546_smoke_mlx_local_20260319_020920
mlx_version:0.31.1
train_loader:shards pattern=/Users/calmdentist/Desktop/parameter-golf/data/datasets/fineweb10B_sp1024/fineweb_train_*.bin
val_loader:shards pattern=/Users/calmdentist/Desktop/parameter-golf/data/datasets/fineweb10B_sp1024/fineweb_val_*.bin tokens:262144
WARNING: train_loader:subset dataset:fineweb10B_sp1024 train_shards:1/195 new epochs will arrive sooner than the full dataset
tokenizer_path:/Users/calmdentist/Desktop/parameter-golf/data/tokenizers/fineweb_1024_bpe.model
model_params:17059912 vocab_size:1024 layers:9 dim:512 heads:8 kv_heads:4 seq_len:1024 tie_embeddings:True
iterations:50 train_batch_tokens:8192 grad_accum_steps:8 microbatch_tokens:1024 microbatch_batch_size:1 val_batch_size:8192 warmup_steps:64 max_wallclock_seconds:0.000
mlx_max_microbatch_tokens:2048
optimizer:muon+adam muon_matrix_params:54 scalar_params:37 embed_lr:0.05 embed_lr_floor_ratio:0.05 matrix_lr:0.05 matrix_lr_floor_ratio:0.01 scalar_lr:0.04 scalar_lr_floor_ratio:0.25 muon_momentum:0.95 muon_steps:5
val_bpb:enabled tokenizer_kind=sentencepiece tokenizer_path=/Users/calmdentist/Desktop/parameter-golf/data/tokenizers/fineweb_1024_bpe.model
compute_dtype:mlx.core.bfloat16 compile:True
dtypes tok_emb:mlx.core.bfloat16 linear_weight:mlx.core.float32 skip_weights:mlx.core.float32
warmup_step:10/64
warmup_step:20/64
warmup_step:30/64
warmup_step:40/64
warmup_step:50/64
warmup_step:60/64
warmup_step:64/64
step:1/50 train_loss:6.9428 train_time:125ms step_avg:124.74ms tok_s:65680
step:2/50 train_loss:7.0667 train_time:533ms step_avg:266.60ms tok_s:20063
step:3/50 train_loss:6.9006 train_time:937ms step_avg:312.23ms tok_s:20313
step:4/50 train_loss:6.5527 train_time:1342ms step_avg:335.41ms tok_s:20236
step:5/50 train_loss:6.2568 train_time:1747ms step_avg:349.31ms tok_s:20237
step:6/50 train_loss:6.0235 train_time:2151ms step_avg:358.46ms tok_s:20271
step:7/50 train_loss:5.8375 train_time:2556ms step_avg:365.11ms tok_s:20234
step:8/50 train_loss:5.8715 train_time:2960ms step_avg:369.96ms tok_s:20290
step:9/50 train_loss:5.7959 train_time:3363ms step_avg:373.67ms tok_s:20319
step:10/50 train_loss:5.7975 train_time:3768ms step_avg:376.75ms tok_s:20259
step:20/50 train_loss:5.5977 train_time:7802ms step_avg:390.11ms tok_s:20300
step:30/50 train_loss:5.3220 train_time:11841ms step_avg:394.69ms tok_s:20258
step:40/50 train_loss:5.0528 train_time:15876ms step_avg:396.90ms tok_s:20304
step:50/50 train_loss:4.8530 train_time:19913ms step_avg:398.26ms tok_s:20310
step:50/50 val_loss:4.7877 val_bpb:2.8351 train_time:22683ms step_avg:453.67ms
saved_model:logs/rep_cod_training_recipe_20260318_235033_8561_20260319_020920_8546_smoke_mlx_local_20260319_020920_mlx_model.npz bytes:67212188
serialized_model_int8_zlib:6424963 bytes (payload:17178912 raw_pickle:17188361 payload_ratio:3.91x)
Serialized model: 67212188 bytes
Serialized model int8+zlib: 6424963 bytes
Total submission size int8+zlib: 6476252 bytes
final_int8_zlib_roundtrip val_loss:4.7960 val_bpb:2.8400 eval_time:2477ms
final_int8_zlib_roundtrip_exact val_loss:4.79596138 val_bpb:2.84004919
