logs/rep_cod_training_recipe_20260318_235033_8561_20260319_015921_2258_smoke_mlx_local_20260319_015921.txt
Code size: 51289 bytes
run_id:rep_cod_training_recipe_20260318_235033_8561_20260319_015921_2258_smoke_mlx_local_20260319_015921
mlx_version:0.31.1
train_loader:shards pattern=/Users/calmdentist/Desktop/parameter-golf/data/datasets/fineweb10B_sp1024/fineweb_train_*.bin
val_loader:shards pattern=/Users/calmdentist/Desktop/parameter-golf/data/datasets/fineweb10B_sp1024/fineweb_val_*.bin tokens:262144
WARNING: train_loader:subset dataset:fineweb10B_sp1024 train_shards:1/195 new epochs will arrive sooner than the full dataset
tokenizer_path:/Users/calmdentist/Desktop/parameter-golf/data/tokenizers/fineweb_1024_bpe.model
model_params:17059912 vocab_size:1024 layers:9 dim:512 heads:8 kv_heads:4 seq_len:1024 tie_embeddings:True
iterations:50 train_batch_tokens:8192 grad_accum_steps:8 microbatch_tokens:1024 microbatch_batch_size:1 val_batch_size:8192 warmup_steps:64 max_wallclock_seconds:0.000
mlx_max_microbatch_tokens:2048
optimizer:muon+adam muon_matrix_params:54 scalar_params:37 embed_lr:0.05 embed_lr_floor_ratio:0.05 matrix_lr:0.05 matrix_lr_floor_ratio:0.01 scalar_lr:0.04 scalar_lr_floor_ratio:0.25 muon_momentum:0.95 muon_steps:5
val_bpb:enabled tokenizer_kind=sentencepiece tokenizer_path=/Users/calmdentist/Desktop/parameter-golf/data/tokenizers/fineweb_1024_bpe.model
compute_dtype:mlx.core.bfloat16 compile:True
dtypes tok_emb:mlx.core.bfloat16 linear_weight:mlx.core.float32 skip_weights:mlx.core.float32
warmup_step:10/64
warmup_step:20/64
warmup_step:30/64
warmup_step:40/64
warmup_step:50/64
warmup_step:60/64
warmup_step:64/64
step:1/50 train_loss:6.9428 train_time:135ms step_avg:134.87ms tok_s:60748
step:2/50 train_loss:7.0667 train_time:542ms step_avg:270.76ms tok_s:20153
step:3/50 train_loss:6.9004 train_time:943ms step_avg:314.34ms tok_s:20412
step:4/50 train_loss:6.5515 train_time:1344ms step_avg:335.94ms tok_s:20450
step:5/50 train_loss:6.2569 train_time:1745ms step_avg:348.93ms tok_s:20444
step:6/50 train_loss:6.0229 train_time:2146ms step_avg:357.73ms tok_s:20399
step:7/50 train_loss:5.8376 train_time:2549ms step_avg:364.10ms tok_s:20372
step:8/50 train_loss:5.8713 train_time:2952ms step_avg:368.99ms tok_s:20323
step:9/50 train_loss:5.7948 train_time:3354ms step_avg:372.66ms tok_s:20385
step:10/50 train_loss:5.7978 train_time:3757ms step_avg:375.65ms tok_s:20357
step:20/50 train_loss:5.5970 train_time:7789ms step_avg:389.47ms tok_s:20290
step:30/50 train_loss:5.3216 train_time:11818ms step_avg:393.92ms tok_s:20312
step:40/50 train_loss:5.0513 train_time:15842ms step_avg:396.05ms tok_s:20389
step:50/50 train_loss:4.8527 train_time:19878ms step_avg:397.56ms tok_s:20278
step:50/50 val_loss:4.7876 val_bpb:2.8351 train_time:22642ms step_avg:452.84ms
saved_model:logs/rep_cod_training_recipe_20260318_235033_8561_20260319_015921_2258_smoke_mlx_local_20260319_015921_mlx_model.npz bytes:67212188
serialized_model_int8_zlib:6424251 bytes (payload:17178912 raw_pickle:17188361 payload_ratio:3.91x)
Serialized model: 67212188 bytes
Serialized model int8+zlib: 6424251 bytes
Total submission size int8+zlib: 6475540 bytes
final_int8_zlib_roundtrip val_loss:4.7965 val_bpb:2.8404 eval_time:2473ms
final_int8_zlib_roundtrip_exact val_loss:4.79653215 val_bpb:2.84038718
