logs/rep_cod_training_recipe_20260319_023044_2410_20260319_023714_6553_smoke_mlx_local_20260319_023714.txt
Code size: 54769 bytes
run_id:rep_cod_training_recipe_20260319_023044_2410_20260319_023714_6553_smoke_mlx_local_20260319_023714
mlx_version:0.31.1
train_loader:shards pattern=/Users/calmdentist/Desktop/parameter-golf/data/datasets/fineweb10B_sp1024/fineweb_train_*.bin
val_loader:shards pattern=/Users/calmdentist/Desktop/parameter-golf/data/datasets/fineweb10B_sp1024/fineweb_val_*.bin tokens:262144
WARNING: train_loader:subset dataset:fineweb10B_sp1024 train_shards:1/195 new epochs will arrive sooner than the full dataset
tokenizer_path:/Users/calmdentist/Desktop/parameter-golf/data/tokenizers/fineweb_1024_bpe.model
model_params:17059912 vocab_size:1024 layers:9 dim:512 heads:8 kv_heads:4 seq_len:1024 tie_embeddings:True
iterations:50 train_batch_tokens:8192 grad_accum_steps:8 microbatch_tokens:1024 microbatch_batch_size:1 val_batch_size:8192 warmup_steps:64 max_wallclock_seconds:0.000
mlx_max_microbatch_tokens:2048
optimizer:muon+adam muon_matrix_params:54 scalar_params:37 embed_lr:0.05 embed_lr_floor_ratio:0.05 matrix_lr:0.05 matrix_lr_floor_ratio:0.01 scalar_lr:0.04 scalar_lr_floor_ratio:0.25 muon_momentum:0.95 muon_steps:5
train_objective:next_token+mtp_t2_pre_warmdown mtp_loss_weight_2:0.03 mtp_disable_on_warmdown:True
val_bpb:enabled tokenizer_kind=sentencepiece tokenizer_path=/Users/calmdentist/Desktop/parameter-golf/data/tokenizers/fineweb_1024_bpe.model
compute_dtype:mlx.core.bfloat16 compile:True
dtypes tok_emb:mlx.core.bfloat16 linear_weight:mlx.core.float32 skip_weights:mlx.core.float32
warmup_step:10/64
warmup_step:20/64
warmup_step:30/64
warmup_step:40/64
warmup_step:50/64
warmup_step:60/64
warmup_step:64/64
train_objective_phase:next_token step:0 base_lr_mul:0.195312
step:1/50 train_loss:6.9428 train_time:135ms step_avg:135.33ms tok_s:60610
step:2/50 train_loss:7.0660 train_time:541ms step_avg:270.71ms tok_s:20181
step:3/50 train_loss:6.9002 train_time:940ms step_avg:313.48ms tok_s:20538
step:4/50 train_loss:6.5526 train_time:1340ms step_avg:334.98ms tok_s:20514
step:5/50 train_loss:6.2569 train_time:1739ms step_avg:347.77ms tok_s:20543
step:6/50 train_loss:6.0231 train_time:2137ms step_avg:356.24ms tok_s:20562
step:7/50 train_loss:5.8380 train_time:2551ms step_avg:364.40ms tok_s:19823
step:8/50 train_loss:5.8719 train_time:2967ms step_avg:370.92ms tok_s:19678
step:9/50 train_loss:5.7951 train_time:3372ms step_avg:374.63ms tok_s:20269
step:10/50 train_loss:5.7978 train_time:3775ms step_avg:377.52ms tok_s:20309
step:20/50 train_loss:5.5970 train_time:7863ms step_avg:393.13ms tok_s:19798
step:30/50 train_loss:5.3214 train_time:11988ms step_avg:399.61ms tok_s:19458
step:40/50 train_loss:5.0523 train_time:16066ms step_avg:401.64ms tok_s:20250
step:50/50 train_loss:4.8529 train_time:20162ms step_avg:403.23ms tok_s:19357
step:50/50 val_loss:4.7880 val_bpb:2.8353 train_time:22981ms step_avg:459.61ms
saved_model:logs/rep_cod_training_recipe_20260319_023044_2410_20260319_023714_6553_smoke_mlx_local_20260319_023714_mlx_model.npz bytes:67212188
serialized_model_int8_zlib:6424058 bytes (payload:17178912 raw_pickle:17188361 payload_ratio:3.91x)
Serialized model: 67212188 bytes
Serialized model int8+zlib: 6424058 bytes
Total submission size int8+zlib: 6478827 bytes
final_int8_zlib_roundtrip val_loss:4.7964 val_bpb:2.8403 eval_time:2522ms
final_int8_zlib_roundtrip_exact val_loss:4.79639196 val_bpb:2.84030417
