logs/rep_cod_training_recipe_20260318_235033_8561_20260319_015231_7617_smoke_mlx_local_20260319_015231.txt
Code size: 51289 bytes
run_id:rep_cod_training_recipe_20260318_235033_8561_20260319_015231_7617_smoke_mlx_local_20260319_015231
mlx_version:0.31.1
train_loader:shards pattern=/Users/calmdentist/Desktop/parameter-golf/data/datasets/fineweb10B_sp1024/fineweb_train_*.bin
val_loader:shards pattern=/Users/calmdentist/Desktop/parameter-golf/data/datasets/fineweb10B_sp1024/fineweb_val_*.bin tokens:262144
WARNING: train_loader:subset dataset:fineweb10B_sp1024 train_shards:1/195 new epochs will arrive sooner than the full dataset
tokenizer_path:/Users/calmdentist/Desktop/parameter-golf/data/tokenizers/fineweb_1024_bpe.model
model_params:17059912 vocab_size:1024 layers:9 dim:512 heads:8 kv_heads:4 seq_len:1024 tie_embeddings:True
iterations:50 train_batch_tokens:8192 grad_accum_steps:8 microbatch_tokens:1024 microbatch_batch_size:1 val_batch_size:8192 warmup_steps:64 max_wallclock_seconds:0.000
mlx_max_microbatch_tokens:2048
optimizer:muon+adam muon_matrix_params:54 scalar_params:37 embed_lr:0.05 embed_lr_floor_ratio:0.05 matrix_lr:0.05 matrix_lr_floor_ratio:0.01 scalar_lr:0.04 scalar_lr_floor_ratio:0.25 muon_momentum:0.95 muon_steps:5
val_bpb:enabled tokenizer_kind=sentencepiece tokenizer_path=/Users/calmdentist/Desktop/parameter-golf/data/tokenizers/fineweb_1024_bpe.model
compute_dtype:mlx.core.bfloat16 compile:True
dtypes tok_emb:mlx.core.bfloat16 linear_weight:mlx.core.float32 skip_weights:mlx.core.float32
warmup_step:10/64
warmup_step:20/64
warmup_step:30/64
warmup_step:40/64
warmup_step:50/64
warmup_step:60/64
warmup_step:64/64
step:1/50 train_loss:6.9428 train_time:138ms step_avg:138.16ms tok_s:59304
step:2/50 train_loss:7.0663 train_time:592ms step_avg:296.10ms tok_s:18050
step:3/50 train_loss:6.8989 train_time:1000ms step_avg:333.31ms tok_s:20102
step:4/50 train_loss:6.5527 train_time:1408ms step_avg:352.06ms tok_s:20068
step:5/50 train_loss:6.2569 train_time:1812ms step_avg:362.44ms tok_s:20285
step:6/50 train_loss:6.0234 train_time:2216ms step_avg:369.34ms tok_s:20295
step:7/50 train_loss:5.8377 train_time:2620ms step_avg:374.22ms tok_s:20310
step:8/50 train_loss:5.8715 train_time:3023ms step_avg:377.88ms tok_s:20311
step:9/50 train_loss:5.7953 train_time:3426ms step_avg:380.71ms tok_s:20319
step:10/50 train_loss:5.7974 train_time:3830ms step_avg:383.03ms tok_s:20292
step:20/50 train_loss:5.5967 train_time:7880ms step_avg:394.00ms tok_s:20209
step:30/50 train_loss:5.3212 train_time:11911ms step_avg:397.05ms tok_s:20328
step:40/50 train_loss:5.0519 train_time:15940ms step_avg:398.50ms tok_s:20329
step:50/50 train_loss:4.8533 train_time:19980ms step_avg:399.60ms tok_s:20334
step:50/50 val_loss:4.7881 val_bpb:2.8354 train_time:22744ms step_avg:454.87ms
saved_model:logs/rep_cod_training_recipe_20260318_235033_8561_20260319_015231_7617_smoke_mlx_local_20260319_015231_mlx_model.npz bytes:67212188
serialized_model_int8_zlib:6424848 bytes (payload:17178912 raw_pickle:17188361 payload_ratio:3.91x)
Serialized model: 67212188 bytes
Serialized model int8+zlib: 6424848 bytes
Total submission size int8+zlib: 6476137 bytes
final_int8_zlib_roundtrip val_loss:4.7956 val_bpb:2.8399 eval_time:2496ms
final_int8_zlib_roundtrip_exact val_loss:4.79562616 val_bpb:2.83985068
