logs/rep_cod_training_recipe_20260318_235033_8561_20260319_021109_9967_smoke_mlx_local_20260319_021109.txt
Code size: 51289 bytes
run_id:rep_cod_training_recipe_20260318_235033_8561_20260319_021109_9967_smoke_mlx_local_20260319_021109
mlx_version:0.31.1
train_loader:shards pattern=/Users/calmdentist/Desktop/parameter-golf/data/datasets/fineweb10B_sp1024/fineweb_train_*.bin
val_loader:shards pattern=/Users/calmdentist/Desktop/parameter-golf/data/datasets/fineweb10B_sp1024/fineweb_val_*.bin tokens:262144
WARNING: train_loader:subset dataset:fineweb10B_sp1024 train_shards:1/195 new epochs will arrive sooner than the full dataset
tokenizer_path:/Users/calmdentist/Desktop/parameter-golf/data/tokenizers/fineweb_1024_bpe.model
model_params:17059912 vocab_size:1024 layers:9 dim:512 heads:8 kv_heads:4 seq_len:1024 tie_embeddings:True
iterations:50 train_batch_tokens:8192 grad_accum_steps:8 microbatch_tokens:1024 microbatch_batch_size:1 val_batch_size:8192 warmup_steps:64 max_wallclock_seconds:0.000
mlx_max_microbatch_tokens:2048
optimizer:muon+adam muon_matrix_params:54 scalar_params:37 embed_lr:0.05 embed_lr_floor_ratio:0.05 matrix_lr:0.05 matrix_lr_floor_ratio:0.01 scalar_lr:0.04 scalar_lr_floor_ratio:0.25 muon_momentum:0.95 muon_steps:5
val_bpb:enabled tokenizer_kind=sentencepiece tokenizer_path=/Users/calmdentist/Desktop/parameter-golf/data/tokenizers/fineweb_1024_bpe.model
compute_dtype:mlx.core.bfloat16 compile:True
dtypes tok_emb:mlx.core.bfloat16 linear_weight:mlx.core.float32 skip_weights:mlx.core.float32
warmup_step:10/64
warmup_step:20/64
warmup_step:30/64
warmup_step:40/64
warmup_step:50/64
warmup_step:60/64
warmup_step:64/64
step:1/50 train_loss:6.9428 train_time:138ms step_avg:137.80ms tok_s:59453
step:2/50 train_loss:7.0660 train_time:545ms step_avg:272.61ms tok_s:20114
step:3/50 train_loss:6.9001 train_time:950ms step_avg:316.57ms tok_s:20261
step:4/50 train_loss:6.5534 train_time:1353ms step_avg:338.30ms tok_s:20311
step:5/50 train_loss:6.2562 train_time:1757ms step_avg:351.38ms tok_s:20298
step:6/50 train_loss:6.0233 train_time:2159ms step_avg:359.91ms tok_s:20361
step:7/50 train_loss:5.8379 train_time:2563ms step_avg:366.18ms tok_s:20294
step:8/50 train_loss:5.8715 train_time:2967ms step_avg:370.87ms tok_s:20298
step:9/50 train_loss:5.7954 train_time:3371ms step_avg:374.51ms tok_s:20307
step:10/50 train_loss:5.7981 train_time:3774ms step_avg:377.42ms tok_s:20305
step:20/50 train_loss:5.5973 train_time:7809ms step_avg:390.43ms tok_s:20316
step:30/50 train_loss:5.3217 train_time:11844ms step_avg:394.79ms tok_s:20339
step:40/50 train_loss:5.0528 train_time:15883ms step_avg:397.06ms tok_s:20261
step:50/50 train_loss:4.8534 train_time:19917ms step_avg:398.34ms tok_s:20345
step:50/50 val_loss:4.7881 val_bpb:2.8354 train_time:22683ms step_avg:453.66ms
saved_model:logs/rep_cod_training_recipe_20260318_235033_8561_20260319_021109_9967_smoke_mlx_local_20260319_021109_mlx_model.npz bytes:67212188
serialized_model_int8_zlib:6424201 bytes (payload:17178912 raw_pickle:17188361 payload_ratio:3.91x)
Serialized model: 67212188 bytes
Serialized model int8+zlib: 6424201 bytes
Total submission size int8+zlib: 6475490 bytes
final_int8_zlib_roundtrip val_loss:4.7945 val_bpb:2.8392 eval_time:2486ms
final_int8_zlib_roundtrip_exact val_loss:4.79448891 val_bpb:2.83917722
