logs/port_architecture_20260319_022908_5031_smoke_mlx_local_20260319_022908.txt
Code size: 49759 bytes
run_id:port_architecture_20260319_022908_5031_smoke_mlx_local_20260319_022908
mlx_version:0.31.1
train_loader:shards pattern=/Users/calmdentist/Desktop/parameter-golf/data/datasets/fineweb10B_sp1024/fineweb_train_*.bin
val_loader:shards pattern=/Users/calmdentist/Desktop/parameter-golf/data/datasets/fineweb10B_sp1024/fineweb_val_*.bin tokens:262144
WARNING: train_loader:subset dataset:fineweb10B_sp1024 train_shards:1/195 new epochs will arrive sooner than the full dataset
tokenizer_path:/Users/calmdentist/Desktop/parameter-golf/data/tokenizers/fineweb_1024_bpe.model
model_params:22734234 vocab_size:1024 layers:10 dim:576 heads:9 kv_heads:3 seq_len:1024 tie_embeddings:True
iterations:50 train_batch_tokens:8192 grad_accum_steps:8 microbatch_tokens:1024 microbatch_batch_size:1 val_batch_size:8192 warmup_steps:20 max_wallclock_seconds:0.000
mlx_max_microbatch_tokens:2048
optimizer:muon+adam muon_matrix_params:60 scalar_params:41 embed_lr:0.05 matrix_lr:0.04 scalar_lr:0.04 muon_momentum:0.95 muon_steps:5
val_bpb:enabled tokenizer_kind=sentencepiece tokenizer_path=/Users/calmdentist/Desktop/parameter-golf/data/tokenizers/fineweb_1024_bpe.model
compute_dtype:mlx.core.bfloat16 compile:True
dtypes tok_emb:mlx.core.bfloat16 linear_weight:mlx.core.float32 skip_weights:mlx.core.float32
warmup_step:1/20
warmup_step:2/20
warmup_step:3/20
warmup_step:4/20
warmup_step:5/20
warmup_step:6/20
warmup_step:7/20
warmup_step:8/20
warmup_step:9/20
warmup_step:10/20
warmup_step:11/20
warmup_step:12/20
warmup_step:13/20
warmup_step:14/20
warmup_step:15/20
warmup_step:16/20
warmup_step:17/20
warmup_step:18/20
warmup_step:19/20
warmup_step:20/20
step:1/50 train_loss:6.9497 train_time:167ms step_avg:167.47ms tok_s:48919
step:2/50 train_loss:6.7925 train_time:771ms step_avg:385.27ms tok_s:13587
step:3/50 train_loss:6.5727 train_time:1297ms step_avg:432.39ms tok_s:15559
step:4/50 train_loss:6.3798 train_time:1832ms step_avg:458.00ms tok_s:15320
step:5/50 train_loss:6.2130 train_time:2349ms step_avg:469.76ms tok_s:15856
step:6/50 train_loss:6.0642 train_time:2883ms step_avg:480.50ms tok_s:15339
step:7/50 train_loss:5.9122 train_time:3402ms step_avg:485.97ms tok_s:15796
step:8/50 train_loss:5.9048 train_time:3915ms step_avg:489.43ms tok_s:15953
step:9/50 train_loss:5.8788 train_time:4432ms step_avg:492.45ms tok_s:15863
step:10/50 train_loss:5.7706 train_time:4939ms step_avg:493.95ms tok_s:16147
step:20/50 train_loss:5.5772 train_time:10002ms step_avg:500.11ms tok_s:16174
step:30/50 train_loss:5.4720 train_time:15061ms step_avg:502.03ms tok_s:16225
step:40/50 train_loss:5.4909 train_time:20093ms step_avg:502.33ms tok_s:16375
step:50/50 train_loss:5.4443 train_time:25098ms step_avg:501.96ms tok_s:16394
step:50/50 val_loss:5.4164 val_bpb:3.2074 train_time:28533ms step_avg:570.66ms
saved_model:logs/port_architecture_20260319_022908_5031_smoke_mlx_local_20260319_022908_mlx_model.npz bytes:89780700
serialized_model_int8_zlib:6311450 bytes (payload:22879592 raw_pickle:22890044 payload_ratio:3.92x)
Serialized model: 89780700 bytes
Serialized model int8+zlib: 6311450 bytes
Total submission size int8+zlib: 6361209 bytes
final_int8_zlib_roundtrip val_loss:5.4744 val_bpb:3.2418 eval_time:3087ms
final_int8_zlib_roundtrip_exact val_loss:5.47439575 val_bpb:3.24180117
