logs/port_compression_20260319_021324_2838_smoke_mlx_local_20260319_021324.txt
Code size: 49759 bytes
run_id:port_compression_20260319_021324_2838_smoke_mlx_local_20260319_021324
mlx_version:0.31.1
train_loader:shards pattern=/Users/calmdentist/Desktop/parameter-golf/data/datasets/fineweb10B_sp1024/fineweb_train_*.bin
val_loader:shards pattern=/Users/calmdentist/Desktop/parameter-golf/data/datasets/fineweb10B_sp1024/fineweb_val_*.bin tokens:262144
WARNING: train_loader:subset dataset:fineweb10B_sp1024 train_shards:1/195 new epochs will arrive sooner than the full dataset
tokenizer_path:/Users/calmdentist/Desktop/parameter-golf/data/tokenizers/fineweb_1024_bpe.model
model_params:17059912 vocab_size:1024 layers:9 dim:512 heads:8 kv_heads:4 seq_len:1024 tie_embeddings:True
iterations:50 train_batch_tokens:8192 grad_accum_steps:8 microbatch_tokens:1024 microbatch_batch_size:1 val_batch_size:8192 warmup_steps:20 max_wallclock_seconds:0.000
mlx_max_microbatch_tokens:2048
optimizer:muon+adam muon_matrix_params:54 scalar_params:37 embed_lr:0.05 matrix_lr:0.04 scalar_lr:0.04 muon_momentum:0.95 muon_steps:5
val_bpb:enabled tokenizer_kind=sentencepiece tokenizer_path=/Users/calmdentist/Desktop/parameter-golf/data/tokenizers/fineweb_1024_bpe.model
compute_dtype:mlx.core.bfloat16 compile:True
dtypes tok_emb:mlx.core.bfloat16 linear_weight:mlx.core.float32 skip_weights:mlx.core.float32
warmup_step:1/20
warmup_step:2/20
warmup_step:3/20
warmup_step:4/20
warmup_step:5/20
warmup_step:6/20
warmup_step:7/20
warmup_step:8/20
warmup_step:9/20
warmup_step:10/20
warmup_step:11/20
warmup_step:12/20
warmup_step:13/20
warmup_step:14/20
warmup_step:15/20
warmup_step:16/20
warmup_step:17/20
warmup_step:18/20
warmup_step:19/20
warmup_step:20/20
step:1/50 train_loss:6.9428 train_time:125ms step_avg:124.60ms tok_s:65751
step:2/50 train_loss:6.8018 train_time:531ms step_avg:265.46ms tok_s:20168
step:3/50 train_loss:6.6014 train_time:932ms step_avg:310.52ms tok_s:20455
step:4/50 train_loss:6.4176 train_time:1334ms step_avg:333.44ms tok_s:20376
step:5/50 train_loss:6.2560 train_time:1735ms step_avg:346.96ms tok_s:20434
step:6/50 train_loss:6.1003 train_time:2138ms step_avg:356.28ms tok_s:20341
step:7/50 train_loss:5.9525 train_time:2541ms step_avg:362.98ms tok_s:20326
step:8/50 train_loss:5.9246 train_time:2944ms step_avg:367.99ms tok_s:20331
step:9/50 train_loss:5.8932 train_time:3347ms step_avg:371.93ms tok_s:20312
step:10/50 train_loss:5.7927 train_time:3750ms step_avg:375.01ms tok_s:20349
step:20/50 train_loss:5.5895 train_time:7784ms step_avg:389.18ms tok_s:20351
step:30/50 train_loss:5.4815 train_time:11818ms step_avg:393.92ms tok_s:20281
step:40/50 train_loss:5.5057 train_time:15853ms step_avg:396.33ms tok_s:20293
step:50/50 train_loss:5.4564 train_time:19890ms step_avg:397.79ms tok_s:20352
step:50/50 val_loss:5.4284 val_bpb:3.2146 train_time:22655ms step_avg:453.10ms
saved_model:logs/port_compression_20260319_021324_2838_smoke_mlx_local_20260319_021324_mlx_model.npz bytes:67212188
serialized_model_int8_zlib:5110674 bytes (payload:17178912 raw_pickle:17188361 payload_ratio:3.91x)
Serialized model: 67212188 bytes
Serialized model int8+zlib: 5110674 bytes
Total submission size int8+zlib: 5160433 bytes
final_int8_zlib_roundtrip val_loss:5.4801 val_bpb:3.2452 eval_time:2473ms
final_int8_zlib_roundtrip_exact val_loss:5.48009634 val_bpb:3.24517691
