logs/port_compression_20260319_022950_1845_smoke_mlx_local_20260319_022950.txt
Code size: 49759 bytes
run_id:port_compression_20260319_022950_1845_smoke_mlx_local_20260319_022950
mlx_version:0.31.1
train_loader:shards pattern=/Users/calmdentist/Desktop/parameter-golf/data/datasets/fineweb10B_sp1024/fineweb_train_*.bin
val_loader:shards pattern=/Users/calmdentist/Desktop/parameter-golf/data/datasets/fineweb10B_sp1024/fineweb_val_*.bin tokens:262144
WARNING: train_loader:subset dataset:fineweb10B_sp1024 train_shards:1/195 new epochs will arrive sooner than the full dataset
tokenizer_path:/Users/calmdentist/Desktop/parameter-golf/data/tokenizers/fineweb_1024_bpe.model
model_params:17059912 vocab_size:1024 layers:9 dim:512 heads:8 kv_heads:4 seq_len:1024 tie_embeddings:True
iterations:50 train_batch_tokens:8192 grad_accum_steps:8 microbatch_tokens:1024 microbatch_batch_size:1 val_batch_size:8192 warmup_steps:20 max_wallclock_seconds:0.000
mlx_max_microbatch_tokens:2048
optimizer:muon+adam muon_matrix_params:54 scalar_params:37 embed_lr:0.05 matrix_lr:0.04 scalar_lr:0.04 muon_momentum:0.95 muon_steps:5
val_bpb:enabled tokenizer_kind=sentencepiece tokenizer_path=/Users/calmdentist/Desktop/parameter-golf/data/tokenizers/fineweb_1024_bpe.model
compute_dtype:mlx.core.bfloat16 compile:True
dtypes tok_emb:mlx.core.bfloat16 linear_weight:mlx.core.float32 skip_weights:mlx.core.float32
warmup_step:1/20
warmup_step:2/20
warmup_step:3/20
warmup_step:4/20
warmup_step:5/20
warmup_step:6/20
warmup_step:7/20
warmup_step:8/20
warmup_step:9/20
warmup_step:10/20
warmup_step:11/20
warmup_step:12/20
warmup_step:13/20
warmup_step:14/20
warmup_step:15/20
warmup_step:16/20
warmup_step:17/20
warmup_step:18/20
warmup_step:19/20
warmup_step:20/20
step:1/50 train_loss:6.9428 train_time:136ms step_avg:135.87ms tok_s:60295
step:2/50 train_loss:6.8016 train_time:543ms step_avg:271.57ms tok_s:20120
step:3/50 train_loss:6.6011 train_time:944ms step_avg:314.63ms tok_s:20448
step:4/50 train_loss:6.4173 train_time:1344ms step_avg:335.96ms tok_s:20491
step:5/50 train_loss:6.2561 train_time:1742ms step_avg:348.47ms tok_s:20565
step:6/50 train_loss:6.1006 train_time:2142ms step_avg:357.04ms tok_s:20494
step:7/50 train_loss:5.9526 train_time:2541ms step_avg:363.04ms tok_s:20540
step:8/50 train_loss:5.9246 train_time:2942ms step_avg:367.73ms tok_s:20457
step:9/50 train_loss:5.8929 train_time:3342ms step_avg:371.36ms tok_s:20467
step:10/50 train_loss:5.7924 train_time:3741ms step_avg:374.15ms tok_s:20528
step:20/50 train_loss:5.5866 train_time:7743ms step_avg:387.13ms tok_s:20464
step:30/50 train_loss:5.4786 train_time:11743ms step_avg:391.42ms tok_s:20497
step:40/50 train_loss:5.5028 train_time:15737ms step_avg:393.42ms tok_s:20502
step:50/50 train_loss:5.4537 train_time:19730ms step_avg:394.60ms tok_s:20544
step:50/50 val_loss:5.4259 val_bpb:3.2131 train_time:22494ms step_avg:449.89ms
saved_model:logs/port_compression_20260319_022950_1845_smoke_mlx_local_20260319_022950_mlx_model.npz bytes:67212188
serialized_model_int8_zlib:5110099 bytes (payload:17178912 raw_pickle:17188361 payload_ratio:3.91x)
Serialized model: 67212188 bytes
Serialized model int8+zlib: 5110099 bytes
Total submission size int8+zlib: 5159858 bytes
final_int8_zlib_roundtrip val_loss:5.4783 val_bpb:3.2441 eval_time:2494ms
final_int8_zlib_roundtrip_exact val_loss:5.47826815 val_bpb:3.24409430
