logs/port_training_recipe_20260319_022239_9771_smoke_mlx_local_20260319_022239.txt
Code size: 51289 bytes
run_id:port_training_recipe_20260319_022239_9771_smoke_mlx_local_20260319_022239
mlx_version:0.31.1
train_loader:shards pattern=/Users/calmdentist/Desktop/parameter-golf/data/datasets/fineweb10B_sp1024/fineweb_train_*.bin
val_loader:shards pattern=/Users/calmdentist/Desktop/parameter-golf/data/datasets/fineweb10B_sp1024/fineweb_val_*.bin tokens:262144
WARNING: train_loader:subset dataset:fineweb10B_sp1024 train_shards:1/195 new epochs will arrive sooner than the full dataset
tokenizer_path:/Users/calmdentist/Desktop/parameter-golf/data/tokenizers/fineweb_1024_bpe.model
model_params:17059912 vocab_size:1024 layers:9 dim:512 heads:8 kv_heads:4 seq_len:1024 tie_embeddings:True
iterations:50 train_batch_tokens:8192 grad_accum_steps:8 microbatch_tokens:1024 microbatch_batch_size:1 val_batch_size:8192 warmup_steps:64 max_wallclock_seconds:0.000
mlx_max_microbatch_tokens:2048
optimizer:muon+adam muon_matrix_params:54 scalar_params:37 embed_lr:0.1 embed_lr_floor_ratio:0.05 matrix_lr:0.05 matrix_lr_floor_ratio:0.01 scalar_lr:0.04 scalar_lr_floor_ratio:0.25 muon_momentum:0.95 muon_steps:5
val_bpb:enabled tokenizer_kind=sentencepiece tokenizer_path=/Users/calmdentist/Desktop/parameter-golf/data/tokenizers/fineweb_1024_bpe.model
compute_dtype:mlx.core.bfloat16 compile:True
dtypes tok_emb:mlx.core.bfloat16 linear_weight:mlx.core.float32 skip_weights:mlx.core.float32
warmup_step:10/64
warmup_step:20/64
warmup_step:30/64
warmup_step:40/64
warmup_step:50/64
warmup_step:60/64
warmup_step:64/64
step:1/50 train_loss:6.9428 train_time:128ms step_avg:128.34ms tok_s:63845
step:2/50 train_loss:11.0643 train_time:552ms step_avg:276.14ms tok_s:19332
step:3/50 train_loss:9.0035 train_time:960ms step_avg:320.11ms tok_s:20085
step:4/50 train_loss:7.6615 train_time:1368ms step_avg:341.96ms tok_s:20112
step:5/50 train_loss:7.0787 train_time:1772ms step_avg:354.34ms tok_s:20294
step:6/50 train_loss:6.8241 train_time:2176ms step_avg:362.60ms tok_s:20290
step:7/50 train_loss:6.5234 train_time:2579ms step_avg:368.42ms tok_s:20318
step:8/50 train_loss:6.3754 train_time:2983ms step_avg:372.92ms tok_s:20264
step:9/50 train_loss:6.2640 train_time:3389ms step_avg:376.60ms tok_s:20182
step:10/50 train_loss:6.2245 train_time:3795ms step_avg:379.50ms tok_s:20204
step:20/50 train_loss:5.7618 train_time:7824ms step_avg:391.22ms tok_s:20324
step:30/50 train_loss:5.4749 train_time:11853ms step_avg:395.10ms tok_s:20326
step:40/50 train_loss:5.2679 train_time:15900ms step_avg:397.49ms tok_s:20340
step:50/50 train_loss:4.9769 train_time:19927ms step_avg:398.54ms tok_s:20317
step:50/50 val_loss:4.9226 val_bpb:2.9150 train_time:22691ms step_avg:453.82ms
saved_model:logs/port_training_recipe_20260319_022239_9771_smoke_mlx_local_20260319_022239_mlx_model.npz bytes:67212188
serialized_model_int8_zlib:6457453 bytes (payload:17178912 raw_pickle:17188361 payload_ratio:3.91x)
Serialized model: 67212188 bytes
Serialized model int8+zlib: 6457453 bytes
Total submission size int8+zlib: 6508742 bytes
final_int8_zlib_roundtrip val_loss:4.9274 val_bpb:2.9179 eval_time:2478ms
final_int8_zlib_roundtrip_exact val_loss:4.92744160 val_bpb:2.91790850
